<?xml version="1.0" encoding="UTF-8"?>
<testng-results skipped="0" failed="0" ignored="0" total="1" passed="1">
  <reporter-output>
  </reporter-output>
  <suite name="Suite" duration-ms="44336" started-at="2019-03-18T09:33:14Z" finished-at="2019-03-18T09:33:59Z">
    <groups>
    </groups>
    <test name="Test3" duration-ms="44336" started-at="2019-03-18T09:33:14Z" finished-at="2019-03-18T09:33:59Z">
      <class name="Mobile.googlemobile">
        <test-method status="PASS" signature="main()[pri:0, instance:Mobile.googlemobile@627551fb]" name="main" duration-ms="44322" started-at="2019-03-18T09:33:14Z" finished-at="2019-03-18T09:33:59Z">
          <reporter-output>
          </reporter-output>
        </test-method> <!-- main -->
      </class> <!-- Mobile.googlemobile -->
    </test> <!-- Test3 -->
  </suite> <!-- Suite -->
</testng-results>
