<?xml version="1.0" encoding="UTF-8"?>
<testng-results skipped="0" failed="0" ignored="0" total="1" passed="1">
  <reporter-output>
  </reporter-output>
  <suite name="Default suite" duration-ms="60597" started-at="2019-03-28T04:40:05Z" finished-at="2019-03-28T04:41:06Z">
    <groups>
    </groups>
    <test name="Default test" duration-ms="60597" started-at="2019-03-28T04:40:05Z" finished-at="2019-03-28T04:41:06Z">
      <class name="Mobile.AddNewCustomerTest">
        <test-method status="PASS" signature="addCustomer()[pri:0, instance:Mobile.AddNewCustomerTest@42eca56e]" name="addCustomer" duration-ms="60578" started-at="2019-03-28T04:40:05Z" finished-at="2019-03-28T04:41:06Z">
          <reporter-output>
          </reporter-output>
        </test-method> <!-- addCustomer -->
      </class> <!-- Mobile.AddNewCustomerTest -->
    </test> <!-- Default test -->
  </suite> <!-- Default suite -->
</testng-results>
